[0.666s] Invoking command in '/home/liam/f24_robotics/webots_ros2_homework1_python': PYTHONPATH=/home/liam/f24_robotics/build/webots_ros2_homework1_python/prefix_override:/usr/lib/python3/dist-packages/colcon_core/task/python/colcon_distutils_commands:/home/liam/f24_robotics/install/webots_ros2_homework1_python/lib/python3.10/site-packages:${PYTHONPATH} /usr/bin/python3 -W ignore:setup.py install is deprecated setup.py egg_info --egg-base ../build/webots_ros2_homework1_python build --build-base /home/liam/f24_robotics/build/webots_ros2_homework1_python/build install --record /home/liam/f24_robotics/build/webots_ros2_homework1_python/install.log --single-version-externally-managed install_data
[0.920s] running egg_info
[0.921s] writing ../build/webots_ros2_homework1_python/webots_ros2_homework1_python.egg-info/PKG-INFO
[0.921s] writing dependency_links to ../build/webots_ros2_homework1_python/webots_ros2_homework1_python.egg-info/dependency_links.txt
[0.921s] writing entry points to ../build/webots_ros2_homework1_python/webots_ros2_homework1_python.egg-info/entry_points.txt
[0.921s] writing requirements to ../build/webots_ros2_homework1_python/webots_ros2_homework1_python.egg-info/requires.txt
[0.921s] writing top-level names to ../build/webots_ros2_homework1_python/webots_ros2_homework1_python.egg-info/top_level.txt
[0.923s] reading manifest file '../build/webots_ros2_homework1_python/webots_ros2_homework1_python.egg-info/SOURCES.txt'
[0.925s] writing manifest file '../build/webots_ros2_homework1_python/webots_ros2_homework1_python.egg-info/SOURCES.txt'
[0.925s] running build
[0.925s] running build_py
[0.925s] copying webots_ros2_homework1_python/webots_ros2_homework1_python.py -> /home/liam/f24_robotics/build/webots_ros2_homework1_python/build/lib/webots_ros2_homework1_python
[0.926s] running install
[0.926s] running install_lib
[0.927s] copying /home/liam/f24_robotics/build/webots_ros2_homework1_python/build/lib/webots_ros2_homework1_python/webots_ros2_homework1_python.py -> /home/liam/f24_robotics/install/webots_ros2_homework1_python/lib/python3.10/site-packages/webots_ros2_homework1_python
[0.928s] byte-compiling /home/liam/f24_robotics/install/webots_ros2_homework1_python/lib/python3.10/site-packages/webots_ros2_homework1_python/webots_ros2_homework1_python.py to webots_ros2_homework1_python.cpython-310.pyc
[0.929s]   File "/home/liam/f24_robotics/install/webots_ros2_homework1_python/lib/python3.10/site-packages/webots_ros2_homework1_python/webots_ros2_homework1_python.py", line 89
[0.930s]     bool moved = False
[0.930s]          ^^^^^
[0.930s] SyntaxError: invalid syntax
[0.930s] 
[0.931s] running install_data
[0.931s] running install_egg_info
[0.933s] removing '/home/liam/f24_robotics/install/webots_ros2_homework1_python/lib/python3.10/site-packages/webots_ros2_homework1_python-0.0.0-py3.10.egg-info' (and everything under it)
[0.934s] Copying ../build/webots_ros2_homework1_python/webots_ros2_homework1_python.egg-info to /home/liam/f24_robotics/install/webots_ros2_homework1_python/lib/python3.10/site-packages/webots_ros2_homework1_python-0.0.0-py3.10.egg-info
[0.935s] running install_scripts
[0.954s] Installing webots_ros2_homework1_python script to /home/liam/f24_robotics/install/webots_ros2_homework1_python/lib/webots_ros2_homework1_python
[0.955s] writing list of installed files to '/home/liam/f24_robotics/build/webots_ros2_homework1_python/install.log'
[0.971s] Invoked command in '/home/liam/f24_robotics/webots_ros2_homework1_python' returned '0': PYTHONPATH=/home/liam/f24_robotics/build/webots_ros2_homework1_python/prefix_override:/usr/lib/python3/dist-packages/colcon_core/task/python/colcon_distutils_commands:/home/liam/f24_robotics/install/webots_ros2_homework1_python/lib/python3.10/site-packages:${PYTHONPATH} /usr/bin/python3 -W ignore:setup.py install is deprecated setup.py egg_info --egg-base ../build/webots_ros2_homework1_python build --build-base /home/liam/f24_robotics/build/webots_ros2_homework1_python/build install --record /home/liam/f24_robotics/build/webots_ros2_homework1_python/install.log --single-version-externally-managed install_data
