[0.970s] Invoking command in '/home/liam/f24_robotics/webots_ros2_homework1_python': PYTHONPATH=/home/liam/f24_robotics/webots_ros2_homework1_python/build/webots_ros2_homework1_python/prefix_override:/usr/lib/python3/dist-packages/colcon_core/task/python/colcon_distutils_commands:/home/liam/f24_robotics/webots_ros2_homework1_python/install/webots_ros2_homework1_python/lib/python3.10/site-packages:${PYTHONPATH} /usr/bin/python3 -W ignore:setup.py install is deprecated setup.py egg_info --egg-base build/webots_ros2_homework1_python build --build-base /home/liam/f24_robotics/webots_ros2_homework1_python/build/webots_ros2_homework1_python/build install --record /home/liam/f24_robotics/webots_ros2_homework1_python/build/webots_ros2_homework1_python/install.log --single-version-externally-managed install_data
[1.381s] running egg_info
[1.381s] creating build/webots_ros2_homework1_python/webots_ros2_homework1_python.egg-info
[1.381s] writing build/webots_ros2_homework1_python/webots_ros2_homework1_python.egg-info/PKG-INFO
[1.382s] writing dependency_links to build/webots_ros2_homework1_python/webots_ros2_homework1_python.egg-info/dependency_links.txt
[1.382s] writing entry points to build/webots_ros2_homework1_python/webots_ros2_homework1_python.egg-info/entry_points.txt
[1.382s] writing requirements to build/webots_ros2_homework1_python/webots_ros2_homework1_python.egg-info/requires.txt
[1.382s] writing top-level names to build/webots_ros2_homework1_python/webots_ros2_homework1_python.egg-info/top_level.txt
[1.382s] writing manifest file 'build/webots_ros2_homework1_python/webots_ros2_homework1_python.egg-info/SOURCES.txt'
[1.384s] reading manifest file 'build/webots_ros2_homework1_python/webots_ros2_homework1_python.egg-info/SOURCES.txt'
[1.385s] writing manifest file 'build/webots_ros2_homework1_python/webots_ros2_homework1_python.egg-info/SOURCES.txt'
[1.385s] running build
[1.385s] running build_py
[1.385s] creating /home/liam/f24_robotics/webots_ros2_homework1_python/build/webots_ros2_homework1_python/build
[1.385s] creating /home/liam/f24_robotics/webots_ros2_homework1_python/build/webots_ros2_homework1_python/build/lib
[1.386s] creating /home/liam/f24_robotics/webots_ros2_homework1_python/build/webots_ros2_homework1_python/build/lib/webots_ros2_homework1_python
[1.386s] copying webots_ros2_homework1_python/webots_ros2_homework1_python2.py -> /home/liam/f24_robotics/webots_ros2_homework1_python/build/webots_ros2_homework1_python/build/lib/webots_ros2_homework1_python
[1.386s] copying webots_ros2_homework1_python/webots_ros2_homework1_python_group.py -> /home/liam/f24_robotics/webots_ros2_homework1_python/build/webots_ros2_homework1_python/build/lib/webots_ros2_homework1_python
[1.386s] copying webots_ros2_homework1_python/webots_ros2_homework1_python.py -> /home/liam/f24_robotics/webots_ros2_homework1_python/build/webots_ros2_homework1_python/build/lib/webots_ros2_homework1_python
[1.386s] copying webots_ros2_homework1_python/webots_ros2_homework1_python (copy).py -> /home/liam/f24_robotics/webots_ros2_homework1_python/build/webots_ros2_homework1_python/build/lib/webots_ros2_homework1_python
[1.386s] copying webots_ros2_homework1_python/webots_ros2_homework1_python-junk.py -> /home/liam/f24_robotics/webots_ros2_homework1_python/build/webots_ros2_homework1_python/build/lib/webots_ros2_homework1_python
[1.386s] copying webots_ros2_homework1_python/__init__.py -> /home/liam/f24_robotics/webots_ros2_homework1_python/build/webots_ros2_homework1_python/build/lib/webots_ros2_homework1_python
[1.386s] copying webots_ros2_homework1_python/webots_ros2_homework1_python-old.py -> /home/liam/f24_robotics/webots_ros2_homework1_python/build/webots_ros2_homework1_python/build/lib/webots_ros2_homework1_python
[1.386s] running install
[1.387s] running install_lib
[1.387s] creating /home/liam/f24_robotics/webots_ros2_homework1_python/install/webots_ros2_homework1_python/lib/python3.10/site-packages/webots_ros2_homework1_python
[1.388s] copying /home/liam/f24_robotics/webots_ros2_homework1_python/build/webots_ros2_homework1_python/build/lib/webots_ros2_homework1_python/webots_ros2_homework1_python2.py -> /home/liam/f24_robotics/webots_ros2_homework1_python/install/webots_ros2_homework1_python/lib/python3.10/site-packages/webots_ros2_homework1_python
[1.388s] copying /home/liam/f24_robotics/webots_ros2_homework1_python/build/webots_ros2_homework1_python/build/lib/webots_ros2_homework1_python/webots_ros2_homework1_python_group.py -> /home/liam/f24_robotics/webots_ros2_homework1_python/install/webots_ros2_homework1_python/lib/python3.10/site-packages/webots_ros2_homework1_python
[1.388s] copying /home/liam/f24_robotics/webots_ros2_homework1_python/build/webots_ros2_homework1_python/build/lib/webots_ros2_homework1_python/webots_ros2_homework1_python.py -> /home/liam/f24_robotics/webots_ros2_homework1_python/install/webots_ros2_homework1_python/lib/python3.10/site-packages/webots_ros2_homework1_python
[1.388s] copying /home/liam/f24_robotics/webots_ros2_homework1_python/build/webots_ros2_homework1_python/build/lib/webots_ros2_homework1_python/webots_ros2_homework1_python (copy).py -> /home/liam/f24_robotics/webots_ros2_homework1_python/install/webots_ros2_homework1_python/lib/python3.10/site-packages/webots_ros2_homework1_python
[1.388s] copying /home/liam/f24_robotics/webots_ros2_homework1_python/build/webots_ros2_homework1_python/build/lib/webots_ros2_homework1_python/webots_ros2_homework1_python-junk.py -> /home/liam/f24_robotics/webots_ros2_homework1_python/install/webots_ros2_homework1_python/lib/python3.10/site-packages/webots_ros2_homework1_python
[1.388s] copying /home/liam/f24_robotics/webots_ros2_homework1_python/build/webots_ros2_homework1_python/build/lib/webots_ros2_homework1_python/__init__.py -> /home/liam/f24_robotics/webots_ros2_homework1_python/install/webots_ros2_homework1_python/lib/python3.10/site-packages/webots_ros2_homework1_python
[1.388s] copying /home/liam/f24_robotics/webots_ros2_homework1_python/build/webots_ros2_homework1_python/build/lib/webots_ros2_homework1_python/webots_ros2_homework1_python-old.py -> /home/liam/f24_robotics/webots_ros2_homework1_python/install/webots_ros2_homework1_python/lib/python3.10/site-packages/webots_ros2_homework1_python
[1.389s] byte-compiling /home/liam/f24_robotics/webots_ros2_homework1_python/install/webots_ros2_homework1_python/lib/python3.10/site-packages/webots_ros2_homework1_python/webots_ros2_homework1_python2.py to webots_ros2_homework1_python2.cpython-310.pyc
[1.391s] byte-compiling /home/liam/f24_robotics/webots_ros2_homework1_python/install/webots_ros2_homework1_python/lib/python3.10/site-packages/webots_ros2_homework1_python/webots_ros2_homework1_python_group.py to webots_ros2_homework1_python_group.cpython-310.pyc
[1.393s] byte-compiling /home/liam/f24_robotics/webots_ros2_homework1_python/install/webots_ros2_homework1_python/lib/python3.10/site-packages/webots_ros2_homework1_python/webots_ros2_homework1_python.py to webots_ros2_homework1_python.cpython-310.pyc
[1.394s] byte-compiling /home/liam/f24_robotics/webots_ros2_homework1_python/install/webots_ros2_homework1_python/lib/python3.10/site-packages/webots_ros2_homework1_python/webots_ros2_homework1_python (copy).py to webots_ros2_homework1_python (copy).cpython-310.pyc
[1.396s] byte-compiling /home/liam/f24_robotics/webots_ros2_homework1_python/install/webots_ros2_homework1_python/lib/python3.10/site-packages/webots_ros2_homework1_python/webots_ros2_homework1_python-junk.py to webots_ros2_homework1_python-junk.cpython-310.pyc
[1.398s] byte-compiling /home/liam/f24_robotics/webots_ros2_homework1_python/install/webots_ros2_homework1_python/lib/python3.10/site-packages/webots_ros2_homework1_python/__init__.py to __init__.cpython-310.pyc
[1.398s] byte-compiling /home/liam/f24_robotics/webots_ros2_homework1_python/install/webots_ros2_homework1_python/lib/python3.10/site-packages/webots_ros2_homework1_python/webots_ros2_homework1_python-old.py to webots_ros2_homework1_python-old.cpython-310.pyc
[1.400s] running install_data
[1.400s] creating /home/liam/f24_robotics/webots_ros2_homework1_python/install/webots_ros2_homework1_python/share/ament_index
[1.400s] creating /home/liam/f24_robotics/webots_ros2_homework1_python/install/webots_ros2_homework1_python/share/ament_index/resource_index
[1.400s] creating /home/liam/f24_robotics/webots_ros2_homework1_python/install/webots_ros2_homework1_python/share/ament_index/resource_index/packages
[1.400s] copying resource/webots_ros2_homework1_python -> /home/liam/f24_robotics/webots_ros2_homework1_python/install/webots_ros2_homework1_python/share/ament_index/resource_index/packages
[1.400s] creating /home/liam/f24_robotics/webots_ros2_homework1_python/install/webots_ros2_homework1_python/share/webots_ros2_homework1_python/launch
[1.400s] copying launch/f23_robotics_1_launch.py -> /home/liam/f24_robotics/webots_ros2_homework1_python/install/webots_ros2_homework1_python/share/webots_ros2_homework1_python/launch
[1.404s] creating /home/liam/f24_robotics/webots_ros2_homework1_python/install/webots_ros2_homework1_python/share/webots_ros2_homework1_python/worlds
[1.404s] copying worlds/f23_turtlebot_lab.wbt -> /home/liam/f24_robotics/webots_ros2_homework1_python/install/webots_ros2_homework1_python/share/webots_ros2_homework1_python/worlds
[1.404s] copying package.xml -> /home/liam/f24_robotics/webots_ros2_homework1_python/install/webots_ros2_homework1_python/share/webots_ros2_homework1_python
[1.404s] creating /home/liam/f24_robotics/webots_ros2_homework1_python/install/webots_ros2_homework1_python/share/webots_ros2_homework1_python/resource
[1.404s] copying resource/turtlebot_webots.urdf -> /home/liam/f24_robotics/webots_ros2_homework1_python/install/webots_ros2_homework1_python/share/webots_ros2_homework1_python/resource
[1.405s] copying resource/ros2control.yml -> /home/liam/f24_robotics/webots_ros2_homework1_python/install/webots_ros2_homework1_python/share/webots_ros2_homework1_python/resource
[1.405s] running install_egg_info
[1.407s] Copying build/webots_ros2_homework1_python/webots_ros2_homework1_python.egg-info to /home/liam/f24_robotics/webots_ros2_homework1_python/install/webots_ros2_homework1_python/lib/python3.10/site-packages/webots_ros2_homework1_python-0.0.0-py3.10.egg-info
[1.407s] running install_scripts
[1.424s] Installing webots_ros2_homework1_python script to /home/liam/f24_robotics/webots_ros2_homework1_python/install/webots_ros2_homework1_python/lib/webots_ros2_homework1_python
[1.425s] writing list of installed files to '/home/liam/f24_robotics/webots_ros2_homework1_python/build/webots_ros2_homework1_python/install.log'
[1.442s] Invoked command in '/home/liam/f24_robotics/webots_ros2_homework1_python' returned '0': PYTHONPATH=/home/liam/f24_robotics/webots_ros2_homework1_python/build/webots_ros2_homework1_python/prefix_override:/usr/lib/python3/dist-packages/colcon_core/task/python/colcon_distutils_commands:/home/liam/f24_robotics/webots_ros2_homework1_python/install/webots_ros2_homework1_python/lib/python3.10/site-packages:${PYTHONPATH} /usr/bin/python3 -W ignore:setup.py install is deprecated setup.py egg_info --egg-base build/webots_ros2_homework1_python build --build-base /home/liam/f24_robotics/webots_ros2_homework1_python/build/webots_ros2_homework1_python/build install --record /home/liam/f24_robotics/webots_ros2_homework1_python/build/webots_ros2_homework1_python/install.log --single-version-externally-managed install_data
