[0.612s] Invoking command in '/home/liam/f24_robotics/webots_ros2_homework1_python': PYTHONPATH=/home/liam/f24_robotics/build/webots_ros2_homework1_python/prefix_override:/usr/lib/python3/dist-packages/colcon_core/task/python/colcon_distutils_commands:/home/liam/f24_robotics/install/webots_ros2_homework1_python/lib/python3.10/site-packages:${PYTHONPATH} /usr/bin/python3 -W ignore:setup.py install is deprecated setup.py egg_info --egg-base ../build/webots_ros2_homework1_python build --build-base /home/liam/f24_robotics/build/webots_ros2_homework1_python/build install --record /home/liam/f24_robotics/build/webots_ros2_homework1_python/install.log --single-version-externally-managed install_data
[0.860s] running egg_info
[0.861s] writing ../build/webots_ros2_homework1_python/webots_ros2_homework1_python.egg-info/PKG-INFO
[0.861s] writing dependency_links to ../build/webots_ros2_homework1_python/webots_ros2_homework1_python.egg-info/dependency_links.txt
[0.861s] writing entry points to ../build/webots_ros2_homework1_python/webots_ros2_homework1_python.egg-info/entry_points.txt
[0.862s] writing requirements to ../build/webots_ros2_homework1_python/webots_ros2_homework1_python.egg-info/requires.txt
[0.862s] writing top-level names to ../build/webots_ros2_homework1_python/webots_ros2_homework1_python.egg-info/top_level.txt
[0.864s] reading manifest file '../build/webots_ros2_homework1_python/webots_ros2_homework1_python.egg-info/SOURCES.txt'
[0.865s] writing manifest file '../build/webots_ros2_homework1_python/webots_ros2_homework1_python.egg-info/SOURCES.txt'
[0.865s] running build
[0.865s] running build_py
[0.866s] copying webots_ros2_homework1_python/webots_ros2_homework1_python.py -> /home/liam/f24_robotics/build/webots_ros2_homework1_python/build/lib/webots_ros2_homework1_python
[0.866s] running install
[0.866s] running install_lib
[0.867s] copying /home/liam/f24_robotics/build/webots_ros2_homework1_python/build/lib/webots_ros2_homework1_python/webots_ros2_homework1_python.py -> /home/liam/f24_robotics/install/webots_ros2_homework1_python/lib/python3.10/site-packages/webots_ros2_homework1_python
[0.868s] byte-compiling /home/liam/f24_robotics/install/webots_ros2_homework1_python/lib/python3.10/site-packages/webots_ros2_homework1_python/webots_ros2_homework1_python.py to webots_ros2_homework1_python.cpython-310.pyc
[0.871s] running install_data
[0.871s] copying worlds/f23_robotics_1.wbt -> /home/liam/f24_robotics/install/webots_ros2_homework1_python/share/webots_ros2_homework1_python/worlds
[0.872s] running install_egg_info
[0.874s] removing '/home/liam/f24_robotics/install/webots_ros2_homework1_python/lib/python3.10/site-packages/webots_ros2_homework1_python-0.0.0-py3.10.egg-info' (and everything under it)
[0.874s] Copying ../build/webots_ros2_homework1_python/webots_ros2_homework1_python.egg-info to /home/liam/f24_robotics/install/webots_ros2_homework1_python/lib/python3.10/site-packages/webots_ros2_homework1_python-0.0.0-py3.10.egg-info
[0.875s] running install_scripts
[0.894s] Installing webots_ros2_homework1_python script to /home/liam/f24_robotics/install/webots_ros2_homework1_python/lib/webots_ros2_homework1_python
[0.895s] writing list of installed files to '/home/liam/f24_robotics/build/webots_ros2_homework1_python/install.log'
[0.913s] Invoked command in '/home/liam/f24_robotics/webots_ros2_homework1_python' returned '0': PYTHONPATH=/home/liam/f24_robotics/build/webots_ros2_homework1_python/prefix_override:/usr/lib/python3/dist-packages/colcon_core/task/python/colcon_distutils_commands:/home/liam/f24_robotics/install/webots_ros2_homework1_python/lib/python3.10/site-packages:${PYTHONPATH} /usr/bin/python3 -W ignore:setup.py install is deprecated setup.py egg_info --egg-base ../build/webots_ros2_homework1_python build --build-base /home/liam/f24_robotics/build/webots_ros2_homework1_python/build install --record /home/liam/f24_robotics/build/webots_ros2_homework1_python/install.log --single-version-externally-managed install_data
